2021-11-22 14:24:25,113 lr: 0.01
2021-11-22 14:24:25,114 l2_reg: 0.01
2021-11-22 14:24:25,114 grad_bound: 5.0
2021-11-22 14:24:25,115 train_log_every: 100
2021-11-22 14:24:25,115 resume: False
2021-11-22 14:24:25,115 batch_size: 128
2021-11-22 14:24:25,115 data_path: ../../datasets
2021-11-22 14:24:25,116 checkpoint_path: checkpoints
2021-11-22 14:24:25,116 data_nums_workers: 0
2021-11-22 14:24:25,116 epoch: 120
2021-11-22 14:24:25,117 nr: 0.4
2021-11-22 14:24:25,117 loss: SCE
2021-11-22 14:24:25,117 alpha: 0.1
2021-11-22 14:24:25,118 beta: 1.0
2021-11-22 14:24:25,118 version: SCE0.4_mnist
2021-11-22 14:24:25,118 dataset_type: mnist
2021-11-22 14:24:25,118 asym: False
2021-11-22 14:24:25,119 seed: 123
2021-11-22 14:24:25,120 Using CUDA!
2021-11-22 14:24:29,523 SCELoss
2021-11-22 14:24:29,525 Number of Trainable Parameters 1.6398
2021-11-22 14:24:34,543 ====================Training====================
2021-11-22 14:24:55,415 epoch=0	global_step=100	loss=5.20953	loss_avg=5.44829	acc=0.50000	acc_top1_avg=0.47813	acc_top5_avg=0.75211	lr=0.01000	gn=5.61643	time=13.07it/s
2021-11-22 14:25:13,382 epoch=0	global_step=200	loss=4.33121	loss_avg=5.00957	acc=0.57031	acc_top1_avg=0.51828	acc_top5_avg=0.76152	lr=0.01000	gn=3.47086	time=13.55it/s
2021-11-22 14:25:31,303 epoch=0	global_step=300	loss=4.34499	loss_avg=4.79801	acc=0.58594	acc_top1_avg=0.53781	acc_top5_avg=0.76672	lr=0.01000	gn=3.37480	time=12.18it/s
2021-11-22 14:25:50,047 epoch=0	global_step=400	loss=4.02807	loss_avg=4.67343	acc=0.61719	acc_top1_avg=0.54904	acc_top5_avg=0.76982	lr=0.01000	gn=3.45125	time=11.52it/s
2021-11-22 14:26:03,383 ====================Eval====================
2021-11-22 14:28:29,513 lr: 0.01
2021-11-22 14:28:29,513 l2_reg: 0.01
2021-11-22 14:28:29,514 grad_bound: 5.0
2021-11-22 14:28:29,514 train_log_every: 100
2021-11-22 14:28:29,514 resume: False
2021-11-22 14:28:29,514 batch_size: 128
2021-11-22 14:28:29,514 data_path: ../../datasets
2021-11-22 14:28:29,514 checkpoint_path: checkpoints
2021-11-22 14:28:29,514 data_nums_workers: 0
2021-11-22 14:28:29,515 epoch: 120
2021-11-22 14:28:29,515 nr: 0.4
2021-11-22 14:28:29,515 loss: SCE
2021-11-22 14:28:29,515 alpha: 0.1
2021-11-22 14:28:29,515 beta: 1.0
2021-11-22 14:28:29,515 version: SCE0.4_mnist
2021-11-22 14:28:29,515 dataset_type: mnist
2021-11-22 14:28:29,515 asym: False
2021-11-22 14:28:29,515 seed: 123
2021-11-22 14:28:29,516 Using CUDA!
2021-11-22 14:28:33,844 SCELoss
2021-11-22 14:28:33,844 Number of Trainable Parameters 1.6398
2021-11-22 14:28:38,740 ====================Training====================
2021-11-22 14:28:59,721 epoch=0	global_step=100	loss=4.68460	loss_avg=5.38398	acc=0.56250	acc_top1_avg=0.48711	acc_top5_avg=0.75906	lr=0.01000	gn=4.98458	time=12.85it/s
2021-11-22 14:29:18,119 epoch=0	global_step=200	loss=4.75451	loss_avg=4.92935	acc=0.52344	acc_top1_avg=0.52809	acc_top5_avg=0.76438	lr=0.01000	gn=3.76233	time=12.85it/s
2021-11-22 14:29:36,190 epoch=0	global_step=300	loss=3.77313	loss_avg=4.72515	acc=0.62500	acc_top1_avg=0.54586	acc_top5_avg=0.77091	lr=0.01000	gn=2.71387	time=13.30it/s
2021-11-22 14:29:54,195 epoch=0	global_step=400	loss=4.04892	loss_avg=4.62913	acc=0.59375	acc_top1_avg=0.55357	acc_top5_avg=0.77258	lr=0.01000	gn=2.66931	time=13.02it/s
2021-11-22 14:30:07,285 ====================Eval====================
2021-11-22 14:31:10,547 lr: 0.01
2021-11-22 14:31:10,547 l2_reg: 0.01
2021-11-22 14:31:10,547 grad_bound: 5.0
2021-11-22 14:31:10,547 train_log_every: 100
2021-11-22 14:31:10,548 resume: False
2021-11-22 14:31:10,548 batch_size: 128
2021-11-22 14:31:10,548 data_path: ../../datasets
2021-11-22 14:31:10,548 checkpoint_path: checkpoints
2021-11-22 14:31:10,548 data_nums_workers: 0
2021-11-22 14:31:10,548 epoch: 120
2021-11-22 14:31:10,548 nr: 0.4
2021-11-22 14:31:10,548 loss: SCE
2021-11-22 14:31:10,549 alpha: 0.1
2021-11-22 14:31:10,549 beta: 1.0
2021-11-22 14:31:10,549 version: SCE0.4_mnist
2021-11-22 14:31:10,549 dataset_type: mnist
2021-11-22 14:31:10,549 asym: False
2021-11-22 14:31:10,549 seed: 123
2021-11-22 14:31:10,549 Using CUDA!
2021-11-22 14:31:15,114 SCELoss
2021-11-22 14:31:15,117 Number of Trainable Parameters 1.6398
2021-11-22 14:31:19,994 ====================Training====================
2021-11-22 14:31:38,622 epoch=0	global_step=100	loss=4.07371	loss_avg=5.38798	acc=0.62500	acc_top1_avg=0.48562	acc_top5_avg=0.75867	lr=0.01000	gn=5.07411	time=13.19it/s
2021-11-22 14:31:54,534 epoch=0	global_step=200	loss=4.46801	loss_avg=4.96610	acc=0.57031	acc_top1_avg=0.52344	acc_top5_avg=0.76531	lr=0.01000	gn=3.52869	time=13.65it/s
2021-11-22 14:32:10,274 epoch=0	global_step=300	loss=4.38187	loss_avg=4.77325	acc=0.57812	acc_top1_avg=0.54052	acc_top5_avg=0.76854	lr=0.01000	gn=3.15377	time=13.19it/s
2021-11-22 14:32:26,073 epoch=0	global_step=400	loss=3.79850	loss_avg=4.66849	acc=0.63281	acc_top1_avg=0.54945	acc_top5_avg=0.77018	lr=0.01000	gn=3.45585	time=13.37it/s
2021-11-22 14:32:37,980 ====================Eval====================
2021-11-22 14:40:20,401 lr: 0.01
2021-11-22 14:40:20,402 l2_reg: 0.01
2021-11-22 14:40:20,402 grad_bound: 5.0
2021-11-22 14:40:20,402 train_log_every: 100
2021-11-22 14:40:20,402 resume: False
2021-11-22 14:40:20,402 batch_size: 256
2021-11-22 14:40:20,402 data_path: ../../datasets
2021-11-22 14:40:20,403 checkpoint_path: checkpoints
2021-11-22 14:40:20,403 data_nums_workers: 0
2021-11-22 14:40:20,403 epoch: 120
2021-11-22 14:40:20,403 nr: 0.4
2021-11-22 14:40:20,403 loss: SCE
2021-11-22 14:40:20,403 alpha: 0.1
2021-11-22 14:40:20,403 beta: 1.0
2021-11-22 14:40:20,403 version: SCE0.4_mnist
2021-11-22 14:40:20,403 dataset_type: mnist
2021-11-22 14:40:20,404 asym: False
2021-11-22 14:40:20,404 seed: 123
2021-11-22 14:40:20,404 Using CUDA!
2021-11-22 14:40:24,900 SCELoss
2021-11-22 14:40:24,902 Number of Trainable Parameters 1.6398
2021-11-22 14:40:29,863 ====================Training====================
2021-11-22 14:40:59,018 epoch=0	global_step=100	loss=4.35325	loss_avg=5.13414	acc=0.57031	acc_top1_avg=0.50594	acc_top5_avg=0.76039	lr=0.01000	gn=2.25886	time=9.93it/s
2021-11-22 14:41:24,569 epoch=0	global_step=200	loss=4.19988	loss_avg=4.73855	acc=0.58984	acc_top1_avg=0.54268	acc_top5_avg=0.76930	lr=0.01000	gn=2.48881	time=9.74it/s
2021-11-22 14:41:33,973 ====================Eval====================
2021-11-22 14:45:42,543 lr: 0.01
2021-11-22 14:45:42,544 l2_reg: 0.01
2021-11-22 14:45:42,544 grad_bound: 5.0
2021-11-22 14:45:42,544 train_log_every: 100
2021-11-22 14:45:42,544 resume: False
2021-11-22 14:45:42,544 batch_size: 128
2021-11-22 14:45:42,544 data_path: ../../datasets
2021-11-22 14:45:42,544 checkpoint_path: checkpoints
2021-11-22 14:45:42,545 data_nums_workers: 0
2021-11-22 14:45:42,545 epoch: 120
2021-11-22 14:45:42,545 nr: 0.4
2021-11-22 14:45:42,545 loss: SCE
2021-11-22 14:45:42,545 alpha: 0.1
2021-11-22 14:45:42,546 beta: 1.0
2021-11-22 14:45:42,546 version: SCE0.4_mnist
2021-11-22 14:45:42,546 dataset_type: mnist
2021-11-22 14:45:42,546 asym: False
2021-11-22 14:45:42,546 seed: 123
2021-11-22 14:45:42,547 Using CUDA!
2021-11-22 14:45:47,391 SCELoss
2021-11-22 14:45:47,393 Number of Trainable Parameters 1.2871
2021-11-22 14:45:52,138 ====================Training====================
2021-11-22 14:46:10,950 epoch=0	global_step=100	loss=4.36415	loss_avg=5.45205	acc=0.58594	acc_top1_avg=0.48797	acc_top5_avg=0.75719	lr=0.01000	gn=5.30841	time=13.34it/s
2021-11-22 14:46:26,629 epoch=0	global_step=200	loss=4.28732	loss_avg=4.97099	acc=0.58594	acc_top1_avg=0.52723	acc_top5_avg=0.76918	lr=0.01000	gn=2.51773	time=13.55it/s
2021-11-22 14:46:42,558 epoch=0	global_step=300	loss=3.79403	loss_avg=4.78331	acc=0.63281	acc_top1_avg=0.54273	acc_top5_avg=0.77130	lr=0.01000	gn=3.28378	time=13.16it/s
2021-11-22 14:46:58,609 epoch=0	global_step=400	loss=4.04136	loss_avg=4.65888	acc=0.60938	acc_top1_avg=0.55305	acc_top5_avg=0.77324	lr=0.01000	gn=2.72933	time=13.15it/s
2021-11-22 14:47:09,944 ====================Eval====================
2021-11-22 14:52:21,289 lr: 0.01
2021-11-22 14:52:21,289 l2_reg: 0.01
2021-11-22 14:52:21,289 grad_bound: 5.0
2021-11-22 14:52:21,289 train_log_every: 100
2021-11-22 14:52:21,290 resume: False
2021-11-22 14:52:21,290 batch_size: 128
2021-11-22 14:52:21,290 data_path: ../../datasets
2021-11-22 14:52:21,290 checkpoint_path: checkpoints
2021-11-22 14:52:21,290 data_nums_workers: 0
2021-11-22 14:52:21,290 epoch: 120
2021-11-22 14:52:21,290 nr: 0.4
2021-11-22 14:52:21,290 loss: SCE
2021-11-22 14:52:21,291 alpha: 0.1
2021-11-22 14:52:21,291 beta: 1.0
2021-11-22 14:52:21,291 version: SCE0.4_mnist
2021-11-22 14:52:21,291 dataset_type: mnist
2021-11-22 14:52:21,291 asym: False
2021-11-22 14:52:21,291 seed: 123
2021-11-22 14:52:21,291 Using CUDA!
2021-11-22 14:52:25,681 SCELoss
2021-11-22 14:52:25,684 Number of Trainable Parameters 1.6398
2021-11-22 14:52:30,764 ====================Training====================
2021-11-22 14:52:52,112 epoch=0	global_step=100	loss=5.19487	loss_avg=5.28260	acc=0.48438	acc_top1_avg=0.49898	acc_top5_avg=0.76070	lr=0.01000	gn=4.22139	time=13.74it/s
2021-11-22 14:53:08,138 epoch=0	global_step=200	loss=3.39884	loss_avg=4.89954	acc=0.67969	acc_top1_avg=0.53113	acc_top5_avg=0.76742	lr=0.01000	gn=4.36508	time=13.72it/s
2021-11-22 14:53:25,314 epoch=0	global_step=300	loss=3.70506	loss_avg=4.72835	acc=0.64062	acc_top1_avg=0.54602	acc_top5_avg=0.77042	lr=0.01000	gn=3.38511	time=13.02it/s
2021-11-22 14:53:41,934 epoch=0	global_step=400	loss=4.06473	loss_avg=4.61668	acc=0.60938	acc_top1_avg=0.55598	acc_top5_avg=0.77342	lr=0.01000	gn=2.23888	time=13.19it/s
2021-11-22 14:53:53,978 ====================Eval====================
2021-11-22 14:56:36,311 lr: 0.01
2021-11-22 14:56:36,311 l2_reg: 0.01
2021-11-22 14:56:36,311 grad_bound: 5.0
2021-11-22 14:56:36,311 train_log_every: 100
2021-11-22 14:56:36,312 resume: False
2021-11-22 14:56:36,312 batch_size: 128
2021-11-22 14:56:36,312 data_path: ../../datasets
2021-11-22 14:56:36,312 checkpoint_path: checkpoints
2021-11-22 14:56:36,312 data_nums_workers: 0
2021-11-22 14:56:36,312 epoch: 120
2021-11-22 14:56:36,312 nr: 0.4
2021-11-22 14:56:36,312 loss: SCE
2021-11-22 14:56:36,313 alpha: 0.1
2021-11-22 14:56:36,313 beta: 1.0
2021-11-22 14:56:36,313 version: SCE0.4_mnist
2021-11-22 14:56:36,313 dataset_type: mnist
2021-11-22 14:56:36,313 asym: False
2021-11-22 14:56:36,313 seed: 123
2021-11-22 14:56:36,313 Using CUDA!
2021-11-22 14:56:41,093 SCELoss
2021-11-22 14:56:41,094 Number of Trainable Parameters 1.6398
2021-11-22 14:56:46,175 ====================Training====================
2021-11-22 14:57:04,775 epoch=0	global_step=100	loss=5.05127	loss_avg=5.42454	acc=0.50781	acc_top1_avg=0.47969	acc_top5_avg=0.75562	lr=0.01000	gn=4.37498	time=12.91it/s
2021-11-22 14:57:20,427 epoch=0	global_step=200	loss=4.35469	loss_avg=4.96858	acc=0.57812	acc_top1_avg=0.52203	acc_top5_avg=0.76676	lr=0.01000	gn=2.95966	time=13.57it/s
2021-11-22 14:57:35,979 epoch=0	global_step=300	loss=3.78348	loss_avg=4.77207	acc=0.63281	acc_top1_avg=0.54021	acc_top5_avg=0.77089	lr=0.01000	gn=3.21890	time=13.02it/s
2021-11-22 14:57:52,101 epoch=0	global_step=400	loss=4.23956	loss_avg=4.65977	acc=0.59375	acc_top1_avg=0.55023	acc_top5_avg=0.77100	lr=0.01000	gn=3.25068	time=12.69it/s
2021-11-22 14:58:03,613 ====================Eval====================
2021-11-22 14:59:23,573 lr: 0.01
2021-11-22 14:59:23,574 l2_reg: 0.01
2021-11-22 14:59:23,574 grad_bound: 5.0
2021-11-22 14:59:23,574 train_log_every: 100
2021-11-22 14:59:23,574 resume: False
2021-11-22 14:59:23,574 batch_size: 128
2021-11-22 14:59:23,574 data_path: ../../datasets
2021-11-22 14:59:23,575 checkpoint_path: checkpoints
2021-11-22 14:59:23,575 data_nums_workers: 0
2021-11-22 14:59:23,575 epoch: 120
2021-11-22 14:59:23,575 nr: 0.4
2021-11-22 14:59:23,575 loss: SCE
2021-11-22 14:59:23,575 alpha: 0.1
2021-11-22 14:59:23,575 beta: 1.0
2021-11-22 14:59:23,575 version: SCE0.4_mnist
2021-11-22 14:59:23,575 dataset_type: mnist
2021-11-22 14:59:23,576 asym: False
2021-11-22 14:59:23,576 seed: 123
2021-11-22 14:59:23,576 Using CUDA!
2021-11-22 14:59:28,025 SCELoss
2021-11-22 14:59:28,026 Number of Trainable Parameters 1.6398
2021-11-22 14:59:33,269 ====================Training====================
2021-11-22 14:59:52,951 epoch=0	global_step=100	loss=3.99464	loss_avg=5.40887	acc=0.61719	acc_top1_avg=0.48250	acc_top5_avg=0.75500	lr=0.01000	gn=5.37041	time=13.03it/s
2021-11-22 15:00:09,366 epoch=0	global_step=200	loss=4.53828	loss_avg=4.93928	acc=0.55469	acc_top1_avg=0.52500	acc_top5_avg=0.76395	lr=0.01000	gn=3.45766	time=13.93it/s
2021-11-22 15:00:25,045 epoch=0	global_step=300	loss=4.23838	loss_avg=4.74737	acc=0.58594	acc_top1_avg=0.54240	acc_top5_avg=0.76779	lr=0.01000	gn=2.98899	time=14.12it/s
2021-11-22 15:00:41,087 epoch=0	global_step=400	loss=4.49862	loss_avg=4.65243	acc=0.56250	acc_top1_avg=0.55090	acc_top5_avg=0.77023	lr=0.01000	gn=3.54790	time=13.32it/s
2021-11-22 15:00:52,655 ====================Eval====================
2021-11-22 15:01:36,196 lr: 0.01
2021-11-22 15:01:36,196 l2_reg: 0.01
2021-11-22 15:01:36,196 grad_bound: 5.0
2021-11-22 15:01:36,197 train_log_every: 100
2021-11-22 15:01:36,197 resume: False
2021-11-22 15:01:36,197 batch_size: 128
2021-11-22 15:01:36,197 data_path: ../../datasets
2021-11-22 15:01:36,197 checkpoint_path: checkpoints
2021-11-22 15:01:36,197 data_nums_workers: 0
2021-11-22 15:01:36,197 epoch: 120
2021-11-22 15:01:36,197 nr: 0.4
2021-11-22 15:01:36,198 loss: SCE
2021-11-22 15:01:36,198 alpha: 0.1
2021-11-22 15:01:36,198 beta: 1.0
2021-11-22 15:01:36,198 version: SCE0.4_mnist
2021-11-22 15:01:36,198 dataset_type: mnist
2021-11-22 15:01:36,198 asym: False
2021-11-22 15:01:36,198 seed: 123
2021-11-22 15:01:36,198 Using CUDA!
2021-11-22 15:01:41,081 SCELoss
2021-11-22 15:01:41,085 Number of Trainable Parameters 1.6398
2021-11-22 15:01:46,666 ====================Training====================
2021-11-22 15:02:06,275 epoch=0	global_step=100	loss=4.47409	loss_avg=5.37248	acc=0.57031	acc_top1_avg=0.48742	acc_top5_avg=0.76039	lr=0.01000	gn=4.62323	time=12.85it/s
2021-11-22 15:02:22,755 epoch=0	global_step=200	loss=4.61360	loss_avg=4.92970	acc=0.53906	acc_top1_avg=0.52687	acc_top5_avg=0.76680	lr=0.01000	gn=2.87334	time=13.97it/s
2021-11-22 15:02:39,841 epoch=0	global_step=300	loss=4.34443	loss_avg=4.73074	acc=0.58594	acc_top1_avg=0.54479	acc_top5_avg=0.77036	lr=0.01000	gn=4.67142	time=13.37it/s
2021-11-22 15:02:56,232 epoch=0	global_step=400	loss=4.08629	loss_avg=4.63705	acc=0.60938	acc_top1_avg=0.55295	acc_top5_avg=0.77107	lr=0.01000	gn=2.64211	time=13.02it/s
2021-11-22 15:03:09,159 ====================Eval====================
2021-11-22 15:06:46,230 lr: 0.01
2021-11-22 15:06:46,231 l2_reg: 0.01
2021-11-22 15:06:46,231 grad_bound: 5.0
2021-11-22 15:06:46,231 train_log_every: 100
2021-11-22 15:06:46,231 resume: False
2021-11-22 15:06:46,231 batch_size: 128
2021-11-22 15:06:46,231 data_path: ../../datasets
2021-11-22 15:06:46,231 checkpoint_path: checkpoints
2021-11-22 15:06:46,231 data_nums_workers: 0
2021-11-22 15:06:46,232 epoch: 120
2021-11-22 15:06:46,232 nr: 0.4
2021-11-22 15:06:46,232 loss: SCE
2021-11-22 15:06:46,232 alpha: 0.1
2021-11-22 15:06:46,232 beta: 1.0
2021-11-22 15:06:46,232 version: SCE0.4_mnist
2021-11-22 15:06:46,232 dataset_type: mnist
2021-11-22 15:06:46,232 asym: False
2021-11-22 15:06:46,232 seed: 123
2021-11-22 15:06:46,233 Using CUDA!
2021-11-22 15:06:50,575 SCELoss
2021-11-22 15:06:50,579 Number of Trainable Parameters 1.6398
2021-11-22 15:06:55,687 ====================Training====================
2021-11-22 15:07:14,128 epoch=0	global_step=100	loss=0.65841	loss_avg=0.65805	acc=0.40625	acc_top1_avg=0.42508	acc_top5_avg=0.74242	lr=0.01000	gn=2.32132	time=13.93it/s
2021-11-22 15:07:29,804 epoch=0	global_step=200	loss=0.51302	loss_avg=0.61356	acc=0.49219	acc_top1_avg=0.44859	acc_top5_avg=0.75191	lr=0.01000	gn=1.92935	time=13.74it/s
2021-11-22 15:07:45,490 epoch=0	global_step=300	loss=0.69080	loss_avg=0.59082	acc=0.47656	acc_top1_avg=0.45992	acc_top5_avg=0.75771	lr=0.01000	gn=2.44277	time=13.19it/s
2021-11-22 15:08:01,204 epoch=0	global_step=400	loss=0.39546	loss_avg=0.57851	acc=0.52344	acc_top1_avg=0.46623	acc_top5_avg=0.76127	lr=0.01000	gn=2.12225	time=13.55it/s
2021-11-22 15:08:12,571 ====================Eval====================
2021-11-22 15:11:13,076 lr: 0.01
2021-11-22 15:11:13,076 l2_reg: 0.01
2021-11-22 15:11:13,076 grad_bound: 5.0
2021-11-22 15:11:13,076 train_log_every: 100
2021-11-22 15:11:13,076 resume: False
2021-11-22 15:11:13,076 batch_size: 128
2021-11-22 15:11:13,076 data_path: ../../datasets
2021-11-22 15:11:13,076 checkpoint_path: checkpoints
2021-11-22 15:11:13,076 data_nums_workers: 0
2021-11-22 15:11:13,076 epoch: 120
2021-11-22 15:11:13,076 nr: 0.4
2021-11-22 15:11:13,076 loss: SCE
2021-11-22 15:11:13,076 alpha: 0.1
2021-11-22 15:11:13,077 beta: 1.0
2021-11-22 15:11:13,077 version: SCE0.4_mnist
2021-11-22 15:11:13,077 dataset_type: cifar10
2021-11-22 15:11:13,077 asym: False
2021-11-22 15:11:13,077 seed: 123
2021-11-22 15:11:13,077 Using CUDA!
2021-11-22 15:11:21,130 SCELoss
2021-11-22 15:11:21,132 Number of Trainable Parameters 1.6398
2021-11-22 15:11:26,652 ====================Training====================
2021-11-22 15:11:45,457 epoch=0	global_step=100	loss=0.82184	loss_avg=0.82767	acc=0.20312	acc_top1_avg=0.20625	acc_top5_avg=0.66477	lr=0.01000	gn=1.67497	time=13.72it/s
2021-11-22 15:12:01,194 epoch=0	global_step=200	loss=0.82421	loss_avg=0.80057	acc=0.21094	acc_top1_avg=0.22500	acc_top5_avg=0.68145	lr=0.01000	gn=2.25297	time=13.84it/s
2021-11-22 15:12:16,990 epoch=0	global_step=300	loss=0.78248	loss_avg=0.78275	acc=0.21875	acc_top1_avg=0.23227	acc_top5_avg=0.68339	lr=0.01000	gn=2.50675	time=14.12it/s
2021-11-22 15:12:32,007 ====================Eval====================
2021-11-22 15:12:38,836 epoch=0	global_step=391	loss=1.68269	test_loss_avg=1.90964	acc=0.43750	test_acc_avg=0.34395	test_acc_top5_avg=0.82500	time=8.45it/s
2021-11-22 15:12:38,836 curr_acc	0.3439
2021-11-22 15:12:38,836 BEST_ACC	0.0000
2021-11-22 15:12:38,836 curr_acc_top5	0.8250
2021-11-22 15:12:38,837 BEST_ACC_top5	0.0000
2021-11-22 15:12:38,837 Model Saved!

2021-11-22 15:12:38,838 ====================Training====================
2021-11-22 15:12:40,237 epoch=1	global_step=400	loss=0.72562	loss_avg=0.72264	acc=0.25781	acc_top1_avg=0.25694	acc_top5_avg=0.69878	lr=0.01000	gn=2.05009	time=13.55it/s
2021-11-22 15:12:55,882 epoch=1	global_step=500	loss=0.69969	loss_avg=0.72791	acc=0.26562	acc_top1_avg=0.25459	acc_top5_avg=0.69108	lr=0.01000	gn=1.37083	time=13.93it/s
2021-11-22 15:13:11,657 epoch=1	global_step=600	loss=0.72794	loss_avg=0.72625	acc=0.21875	acc_top1_avg=0.25325	acc_top5_avg=0.68735	lr=0.01000	gn=1.55702	time=14.02it/s
2021-11-22 15:13:37,903 epoch=1	global_step=700	loss=0.71909	loss_avg=0.72481	acc=0.21094	acc_top1_avg=0.25526	acc_top5_avg=0.69015	lr=0.01000	gn=1.96588	time=13.86it/s
2021-11-22 15:19:50,319 lr: 0.01
2021-11-22 15:19:50,319 l2_reg: 0.01
2021-11-22 15:19:50,320 grad_bound: 5.0
2021-11-22 15:19:50,320 train_log_every: 100
2021-11-22 15:19:50,320 resume: False
2021-11-22 15:19:50,320 batch_size: 128
2021-11-22 15:19:50,320 data_path: ../../datasets
2021-11-22 15:19:50,320 checkpoint_path: checkpoints
2021-11-22 15:19:50,320 data_nums_workers: 0
2021-11-22 15:19:50,321 epoch: 120
2021-11-22 15:19:50,321 nr: 0.4
2021-11-22 15:19:50,321 loss: SCE
2021-11-22 15:19:50,321 alpha: 0.1
2021-11-22 15:19:50,322 beta: 1.0
2021-11-22 15:19:50,322 version: SCE0.4_mnist
2021-11-22 15:19:50,322 dataset_type: mnist
2021-11-22 15:19:50,322 asym: False
2021-11-22 15:19:50,323 seed: 123
2021-11-22 15:19:50,323 Using CUDA!
2021-11-22 15:19:54,790 SCELoss
2021-11-22 15:19:54,792 Number of Trainable Parameters 1.6398
2021-11-22 15:19:59,653 ====================Training====================
2021-11-22 15:22:21,209 lr: 0.01
2021-11-22 15:22:21,210 l2_reg: 0.01
2021-11-22 15:22:21,210 grad_bound: 5.0
2021-11-22 15:22:21,210 train_log_every: 100
2021-11-22 15:22:21,210 resume: False
2021-11-22 15:22:21,210 batch_size: 128
2021-11-22 15:22:21,210 data_path: ../../datasets
2021-11-22 15:22:21,210 checkpoint_path: checkpoints
2021-11-22 15:22:21,210 data_nums_workers: 0
2021-11-22 15:22:21,211 epoch: 120
2021-11-22 15:22:21,211 nr: 0.4
2021-11-22 15:22:21,211 loss: SCE
2021-11-22 15:22:21,211 alpha: 0.1
2021-11-22 15:22:21,211 beta: 1.0
2021-11-22 15:22:21,211 version: SCE0.4_mnist
2021-11-22 15:22:21,211 dataset_type: cifar10
2021-11-22 15:22:21,212 asym: False
2021-11-22 15:22:21,212 seed: 123
2021-11-22 15:22:21,212 Using CUDA!
2021-11-22 15:22:26,295 SCELoss
2021-11-22 15:22:26,297 Number of Trainable Parameters 1.6398
2021-11-22 15:22:31,253 ====================Training====================
2021-11-22 15:24:20,385 lr: 0.01
2021-11-22 15:24:20,385 l2_reg: 0.01
2021-11-22 15:24:20,385 grad_bound: 5.0
2021-11-22 15:24:20,385 train_log_every: 100
2021-11-22 15:24:20,386 resume: False
2021-11-22 15:24:20,386 batch_size: 128
2021-11-22 15:24:20,386 data_path: ../../datasets
2021-11-22 15:24:20,386 checkpoint_path: checkpoints
2021-11-22 15:24:20,386 data_nums_workers: 0
2021-11-22 15:24:20,386 epoch: 120
2021-11-22 15:24:20,386 nr: 0.4
2021-11-22 15:24:20,386 loss: SCE
2021-11-22 15:24:20,386 alpha: 0.1
2021-11-22 15:24:20,387 beta: 1.0
2021-11-22 15:24:20,387 version: SCE0.4_mnist
2021-11-22 15:24:20,387 dataset_type: mnist
2021-11-22 15:24:20,387 asym: False
2021-11-22 15:24:20,387 seed: 123
2021-11-22 15:24:20,387 Using CUDA!
2021-11-22 15:24:24,878 SCELoss
2021-11-22 15:24:24,879 Number of Trainable Parameters 1.6398
2021-11-22 15:24:29,884 ====================Training====================
2021-11-22 15:24:48,910 epoch=0	global_step=100	loss=0.66872	loss_avg=0.63960	acc=0.42969	acc_top1_avg=0.42422	acc_top5_avg=0.74531	lr=0.01000	gn=2.29870	time=13.55it/s
2021-11-22 15:25:05,750 epoch=0	global_step=200	loss=0.49427	loss_avg=0.59830	acc=0.49219	acc_top1_avg=0.44828	acc_top5_avg=0.75586	lr=0.01000	gn=2.86517	time=10.93it/s
2021-11-22 15:25:22,087 epoch=0	global_step=300	loss=0.61682	loss_avg=0.58043	acc=0.46094	acc_top1_avg=0.45932	acc_top5_avg=0.75648	lr=0.01000	gn=2.21131	time=13.55it/s
2021-11-22 15:25:37,978 epoch=0	global_step=400	loss=0.65049	loss_avg=0.57321	acc=0.48438	acc_top1_avg=0.46547	acc_top5_avg=0.75865	lr=0.01000	gn=1.60224	time=13.93it/s
2021-11-22 15:25:49,516 ====================Eval====================
2021-11-22 15:27:15,852 lr: 0.01
2021-11-22 15:27:15,853 l2_reg: 0.01
2021-11-22 15:27:15,853 grad_bound: 5.0
2021-11-22 15:27:15,853 train_log_every: 100
2021-11-22 15:27:15,853 resume: False
2021-11-22 15:27:15,854 batch_size: 128
2021-11-22 15:27:15,854 data_path: ../../datasets
2021-11-22 15:27:15,854 checkpoint_path: checkpoints
2021-11-22 15:27:15,854 data_nums_workers: 0
2021-11-22 15:27:15,854 epoch: 120
2021-11-22 15:27:15,854 nr: 0.4
2021-11-22 15:27:15,854 loss: SCE
2021-11-22 15:27:15,855 alpha: 0.1
2021-11-22 15:27:15,855 beta: 1.0
2021-11-22 15:27:15,855 version: SCE0.4_mnist
2021-11-22 15:27:15,855 dataset_type: mnist
2021-11-22 15:27:15,855 asym: False
2021-11-22 15:27:15,855 seed: 123
2021-11-22 15:27:15,855 Using CUDA!
2021-11-22 15:27:20,436 SCELoss
2021-11-22 15:27:20,439 Number of Trainable Parameters 1.6398
2021-11-22 15:27:25,781 ====================Training====================
2021-11-22 15:27:45,814 epoch=0	global_step=100	loss=0.52823	loss_avg=0.65861	acc=0.50781	acc_top1_avg=0.42148	acc_top5_avg=0.74438	lr=0.01000	gn=2.35644	time=13.43it/s
2021-11-22 15:28:01,629 epoch=0	global_step=200	loss=0.52174	loss_avg=0.60095	acc=0.46094	acc_top1_avg=0.44984	acc_top5_avg=0.75383	lr=0.01000	gn=2.09434	time=13.93it/s
2021-11-22 15:28:17,277 epoch=0	global_step=300	loss=0.57396	loss_avg=0.58211	acc=0.43750	acc_top1_avg=0.46339	acc_top5_avg=0.75833	lr=0.01000	gn=1.90757	time=13.74it/s
2021-11-22 15:28:32,671 epoch=0	global_step=400	loss=0.51398	loss_avg=0.56459	acc=0.44531	acc_top1_avg=0.47039	acc_top5_avg=0.76088	lr=0.01000	gn=2.04248	time=13.43it/s
2021-11-22 15:28:44,047 ====================Eval====================
2021-11-22 15:29:17,396 lr: 0.01
2021-11-22 15:29:17,396 l2_reg: 0.01
2021-11-22 15:29:17,396 grad_bound: 5.0
2021-11-22 15:29:17,396 train_log_every: 100
2021-11-22 15:29:17,396 resume: False
2021-11-22 15:29:17,397 batch_size: 128
2021-11-22 15:29:17,397 data_path: ../../datasets
2021-11-22 15:29:17,397 checkpoint_path: checkpoints
2021-11-22 15:29:17,397 data_nums_workers: 0
2021-11-22 15:29:17,397 epoch: 120
2021-11-22 15:29:17,397 nr: 0.4
2021-11-22 15:29:17,397 loss: SCE
2021-11-22 15:29:17,397 alpha: 0.1
2021-11-22 15:29:17,398 beta: 1.0
2021-11-22 15:29:17,398 version: SCE0.4_mnist
2021-11-22 15:29:17,398 dataset_type: mnist
2021-11-22 15:29:17,398 asym: False
2021-11-22 15:29:17,398 seed: 123
2021-11-22 15:29:17,398 Using CUDA!
2021-11-22 15:29:21,765 SCELoss
2021-11-22 15:29:21,766 Number of Trainable Parameters 1.6398
2021-11-22 15:29:26,620 ====================Training====================
2021-11-22 15:29:45,391 epoch=0	global_step=100	loss=4.14242	loss_avg=5.42902	acc=0.60156	acc_top1_avg=0.48398	acc_top5_avg=0.75781	lr=0.01000	gn=4.77407	time=13.07it/s
2021-11-22 15:30:00,858 epoch=0	global_step=200	loss=3.96324	loss_avg=4.93903	acc=0.62500	acc_top1_avg=0.52656	acc_top5_avg=0.77246	lr=0.01000	gn=4.13384	time=12.99it/s
2021-11-22 15:30:16,457 epoch=0	global_step=300	loss=4.87695	loss_avg=4.74995	acc=0.51562	acc_top1_avg=0.54326	acc_top5_avg=0.77305	lr=0.01000	gn=2.87682	time=13.93it/s
2021-11-22 15:30:32,044 epoch=0	global_step=400	loss=4.95163	loss_avg=4.64299	acc=0.51562	acc_top1_avg=0.55244	acc_top5_avg=0.77303	lr=0.01000	gn=2.80051	time=12.68it/s
2021-11-22 15:30:43,839 ====================Eval====================
2021-11-22 15:34:58,545 lr: 0.01
2021-11-22 15:34:58,545 l2_reg: 0.01
2021-11-22 15:34:58,545 grad_bound: 5.0
2021-11-22 15:34:58,545 train_log_every: 100
2021-11-22 15:34:58,545 resume: False
2021-11-22 15:34:58,546 batch_size: 128
2021-11-22 15:34:58,546 data_path: ../../datasets
2021-11-22 15:34:58,546 checkpoint_path: checkpoints
2021-11-22 15:34:58,546 data_nums_workers: 0
2021-11-22 15:34:58,546 epoch: 120
2021-11-22 15:34:58,546 nr: 0.4
2021-11-22 15:34:58,546 loss: SCE
2021-11-22 15:34:58,546 alpha: 0.1
2021-11-22 15:34:58,547 beta: 1.0
2021-11-22 15:34:58,547 version: SCE0.4_mnist
2021-11-22 15:34:58,547 dataset_type: mnist
2021-11-22 15:34:58,547 asym: False
2021-11-22 15:34:58,547 seed: 123
2021-11-22 15:34:58,547 Using CUDA!
2021-11-22 15:35:02,954 SCELoss
2021-11-22 15:35:02,956 Number of Trainable Parameters 1.6398
2021-11-22 15:35:07,874 ====================Training====================
2021-11-22 15:35:26,662 epoch=0	global_step=100	loss=4.79741	loss_avg=5.29672	acc=0.53906	acc_top1_avg=0.49992	acc_top5_avg=0.76180	lr=0.01000	gn=5.33126	time=13.37it/s
2021-11-22 15:35:42,518 epoch=0	global_step=200	loss=4.31487	loss_avg=4.90769	acc=0.57812	acc_top1_avg=0.53176	acc_top5_avg=0.76676	lr=0.01000	gn=3.99432	time=13.55it/s
2021-11-22 15:35:58,051 epoch=0	global_step=300	loss=3.95063	loss_avg=4.72130	acc=0.62500	acc_top1_avg=0.54745	acc_top5_avg=0.77049	lr=0.01000	gn=4.03464	time=13.56it/s
2021-11-22 15:36:13,802 epoch=0	global_step=400	loss=3.83817	loss_avg=4.62118	acc=0.63281	acc_top1_avg=0.55555	acc_top5_avg=0.77254	lr=0.01000	gn=3.70920	time=13.83it/s
2021-11-22 15:36:25,200 ====================Eval====================
2021-11-22 15:46:46,060 lr: 0.01
2021-11-22 15:46:46,061 l2_reg: 0.01
2021-11-22 15:46:46,061 grad_bound: 5.0
2021-11-22 15:46:46,061 train_log_every: 100
2021-11-22 15:46:46,061 resume: False
2021-11-22 15:46:46,061 batch_size: 128
2021-11-22 15:46:46,062 data_path: ../../datasets
2021-11-22 15:46:46,062 checkpoint_path: checkpoints
2021-11-22 15:46:46,062 data_nums_workers: 0
2021-11-22 15:46:46,062 epoch: 120
2021-11-22 15:46:46,062 nr: 0.4
2021-11-22 15:46:46,062 loss: SCE
2021-11-22 15:46:46,062 alpha: 0.1
2021-11-22 15:46:46,062 beta: 1.0
2021-11-22 15:46:46,062 version: SCE0.4_mnist
2021-11-22 15:46:46,063 dataset_type: mnist
2021-11-22 15:46:46,063 asym: False
2021-11-22 15:46:46,063 seed: 123
2021-11-22 15:46:46,063 Using CUDA!
2021-11-22 15:46:50,539 SCELoss
2021-11-22 15:46:50,540 Number of Trainable Parameters 1.6398
2021-11-22 15:46:55,500 ====================Training====================
2021-11-22 15:47:14,495 epoch=0	global_step=100	loss=4.52641	loss_avg=5.35088	acc=0.56250	acc_top1_avg=0.49211	acc_top5_avg=0.76187	lr=0.01000	gn=5.00015	time=13.45it/s
2021-11-22 15:47:29,880 epoch=0	global_step=200	loss=3.70150	loss_avg=4.87171	acc=0.64062	acc_top1_avg=0.53383	acc_top5_avg=0.77039	lr=0.01000	gn=3.34618	time=13.19it/s
2021-11-22 15:47:45,398 epoch=0	global_step=300	loss=4.41222	loss_avg=4.71421	acc=0.57812	acc_top1_avg=0.54690	acc_top5_avg=0.77138	lr=0.01000	gn=3.73161	time=12.83it/s
2021-11-22 15:48:01,021 epoch=0	global_step=400	loss=4.92030	loss_avg=4.62642	acc=0.52344	acc_top1_avg=0.55430	acc_top5_avg=0.77176	lr=0.01000	gn=2.82775	time=11.91it/s
2021-11-22 15:48:12,466 ====================Eval====================
