2021-11-22 16:00:01,264 lr: 0.01
2021-11-22 16:00:01,265 l2_reg: 0.01
2021-11-22 16:00:01,265 grad_bound: 5.0
2021-11-22 16:00:01,265 train_log_every: 100
2021-11-22 16:00:01,265 resume: False
2021-11-22 16:00:01,265 batch_size: 128
2021-11-22 16:00:01,265 data_path: ../../datasets
2021-11-22 16:00:01,266 checkpoint_path: checkpoints
2021-11-22 16:00:01,266 data_nums_workers: 0
2021-11-22 16:00:01,266 epoch: 120
2021-11-22 16:00:01,266 nr: 0.0
2021-11-22 16:00:01,266 loss: SCE
2021-11-22 16:00:01,266 alpha: 0.1
2021-11-22 16:00:01,267 beta: 1.0
2021-11-22 16:00:01,267 version: SCE0.0_mnist
2021-11-22 16:00:01,267 dataset_type: mnist
2021-11-22 16:00:01,267 asym: False
2021-11-22 16:00:01,267 seed: 123
2021-11-22 16:00:01,268 Using CUDA!
2021-11-22 16:00:01,350 SCELoss
2021-11-22 16:00:01,352 Number of Trainable Parameters 1.6398
2021-11-22 16:00:06,613 ====================Training====================
2021-11-22 16:00:25,844 epoch=0	global_step=100	loss=0.47358	loss_avg=1.94568	acc=0.96875	acc_top1_avg=0.85125	acc_top5_avg=0.97695	lr=0.01000	gn=6.35004	time=12.23it/s
2021-11-22 16:00:41,583 epoch=0	global_step=200	loss=0.38670	loss_avg=1.25212	acc=0.97656	acc_top1_avg=0.90363	acc_top5_avg=0.98754	lr=0.01000	gn=4.30608	time=13.92it/s
2021-11-22 16:00:57,036 epoch=0	global_step=300	loss=0.27146	loss_avg=0.97345	acc=0.98438	acc_top1_avg=0.92500	acc_top5_avg=0.99135	lr=0.01000	gn=3.55181	time=13.02it/s
2021-11-22 16:01:12,421 epoch=0	global_step=400	loss=0.54274	loss_avg=0.82967	acc=0.95312	acc_top1_avg=0.93602	acc_top5_avg=0.99326	lr=0.01000	gn=3.32546	time=14.26it/s
2021-11-22 16:01:23,725 ====================Eval====================
2021-11-22 16:04:41,930 lr: 0.01
2021-11-22 16:04:41,930 l2_reg: 0.01
2021-11-22 16:04:41,930 grad_bound: 5.0
2021-11-22 16:04:41,931 train_log_every: 100
2021-11-22 16:04:41,931 resume: False
2021-11-22 16:04:41,931 batch_size: 128
2021-11-22 16:04:41,931 data_path: ../../datasets
2021-11-22 16:04:41,931 checkpoint_path: checkpoints
2021-11-22 16:04:41,931 data_nums_workers: 0
2021-11-22 16:04:41,931 epoch: 120
2021-11-22 16:04:41,931 nr: 0.4
2021-11-22 16:04:41,931 loss: SCE
2021-11-22 16:04:41,932 alpha: 0.1
2021-11-22 16:04:41,932 beta: 1.0
2021-11-22 16:04:41,932 version: SCE0.0_mnist
2021-11-22 16:04:41,932 dataset_type: mnist
2021-11-22 16:04:41,932 asym: False
2021-11-22 16:04:41,932 seed: 123
2021-11-22 16:04:41,932 Using CUDA!
2021-11-22 16:04:46,640 SCELoss
2021-11-22 16:04:46,644 Number of Trainable Parameters 21.2821
2021-11-22 16:04:51,947 ====================Training====================
2021-11-22 16:05:37,578 epoch=0	global_step=100	loss=4.90895	loss_avg=6.19230	acc=0.53906	acc_top1_avg=0.38203	acc_top5_avg=0.71828	lr=0.01000	gn=9.41509	time=2.97it/s
2021-11-22 16:06:18,551 epoch=0	global_step=200	loss=4.22643	loss_avg=5.55835	acc=0.59375	acc_top1_avg=0.45004	acc_top5_avg=0.74035	lr=0.01000	gn=10.60855	time=2.99it/s
2021-11-22 16:06:59,475 epoch=0	global_step=300	loss=3.38517	loss_avg=5.21564	acc=0.67969	acc_top1_avg=0.48526	acc_top5_avg=0.75240	lr=0.01000	gn=4.97728	time=3.07it/s
2021-11-22 16:07:40,230 epoch=0	global_step=400	loss=5.25406	loss_avg=5.02250	acc=0.48438	acc_top1_avg=0.50471	acc_top5_avg=0.75848	lr=0.01000	gn=4.23856	time=3.02it/s
2021-11-22 16:08:10,083 ====================Eval====================
2021-11-22 16:08:20,750 epoch=0	global_step=469	loss=0.03076	test_loss_avg=0.30999	acc=1.00000	test_acc_avg=0.91543	test_acc_top5_avg=0.99170	time=2.58it/s
2021-11-22 16:08:20,751 curr_acc	0.9154
2021-11-22 16:08:20,751 BEST_ACC	0.0000
2021-11-22 16:08:20,751 curr_acc_top5	0.9917
2021-11-22 16:08:20,751 BEST_ACC_top5	0.0000
2021-11-22 16:08:20,751 Model Saved!

2021-11-22 16:08:20,752 ====================Training====================
